make all --print-data-base --no-builtin-variables --no-builtin-rules --question
make: *** No rule to make target 'all'.  Stop.

# GNU Make 4.2.1
# Built for x86_64-pc-linux-gnu
# Copyright (C) 1988-2016 Free Software Foundation, Inc.
# License GPLv3+: GNU GPL version 3 or later <http://gnu.org/licenses/gpl.html>
# This is free software: you are free to change and redistribute it.
# There is NO WARRANTY, to the extent permitted by law.

# Make data base, printed on Mon Jul 25 13:29:01 2022

# Variables

# 'override' directive
GNUMAKEFLAGS := 
# automatic
<D = $(patsubst %/,%,$(dir $<))
# automatic
?F = $(notdir $?)
# environment
PAPERSIZE = a4
# environment
DESKTOP_SESSION = ubuntu
# default
.SHELLFLAGS := -c
# environment
XDG_SESSION_CLASS = user
# environment
XDG_SESSION_TYPE = x11
# automatic
?D = $(patsubst %/,%,$(dir $?))
# environment
IM_CONFIG_PHASE = 1
# environment
PLATFORMIO_IDE = 2.5.0
# automatic
@D = $(patsubst %/,%,$(dir $@))
# environment
XAUTHORITY = /run/user/1000/gdm/Xauthority
# environment
GDMSESSION = ubuntu
# environment
XMODIFIERS = @im=ibus
# makefile
CURDIR := /home/tw/Space/workspace/my/01_research/2022_07_07_checkNetworkConnection
# makefile
SHELL = /bin/sh
# environment
VSCODE_NLS_CONFIG = {"locale":"ko","availableLanguages":{"*":"ko"},"_languagePackId":"2dff5cff996ed6cbe8d8aa8740f86aa0.ko","_translationsConfigFile":"/home/tw/.config/Code/clp/2dff5cff996ed6cbe8d8aa8740f86aa0.ko/tcf.json","_cacheRoot":"/home/tw/.config/Code/clp/2dff5cff996ed6cbe8d8aa8740f86aa0.ko","_resolvedLanguagePackCoreLocation":"/home/tw/.config/Code/clp/2dff5cff996ed6cbe8d8aa8740f86aa0.ko/3b889b090b5ad5793f524b5d1d39fda662b96a2a","_corruptedFile":"/home/tw/.config/Code/clp/2dff5cff996ed6cbe8d8aa8740f86aa0.ko/corrupted.info","_languagePackSupport":true}
# environment
_ = /usr/share/code/code
# environment
JOURNAL_STREAM = 8:51495
# environment
XDG_CONFIG_DIRS = /etc/xdg/xdg-ubuntu:/etc/xdg
# makefile
MAKEFILE_LIST := 
# automatic
@F = $(notdir $@)
# environment
GIO_LAUNCHED_DESKTOP_FILE = /usr/share/applications/code.desktop
# environment
QT_IM_MODULE = ibus
# environment
USERNAME = tw
# environment
MAKELEVEL := 0
# environment
MANDATORY_PATH = /usr/share/gconf/ubuntu.mandatory.path
# environment
XDG_DATA_DIRS = /usr/share/ubuntu:/usr/local/share/:/usr/share/:/var/lib/snapd/desktop
# environment
ROS_ETC_DIR = /opt/ros/noetic/etc/ros
# environment
DBUS_SESSION_BUS_ADDRESS = unix:path=/run/user/1000/bus
# environment
ROS_PACKAGE_PATH = /home/tw/catkin_ws/src:/opt/ros/noetic/share
# environment
MANAGERPID = 1876
# environment
ROS_PYTHON_VERSION = 3
# environment
LESSOPEN = | /usr/bin/lesspipe %s
# environment
LC_NAME = ko_KR.UTF-8
# environment
VSCODE_CWD = /home/tw
# default
MAKE_HOST := x86_64-pc-linux-gnu
# environment
NO_PROXY = 127.0.0.1
# environment
XDG_SESSION_DESKTOP = ubuntu
# environment
GPG_AGENT_INFO = /run/user/1000/gnupg/S.gpg-agent:0:1
# environment
GJS_DEBUG_OUTPUT = stderr
# environment
SESSION_MANAGER = local/tw-ThinkPad-T14s-Gen-1:@/tmp/.ICE-unix/2283,unix/tw-ThinkPad-T14s-Gen-1:/tmp/.ICE-unix/2283
# environment
XDG_RUNTIME_DIR = /run/user/1000
# environment
ROS_ROOT = /opt/ros/noetic/share/ros
# environment
XDG_MENU_PREFIX = gnome-
# environment
ELECTRON_RUN_AS_NODE = 1
# environment
INVOCATION_ID = c677121798f24a579e258b2476e9d024
# default
.FEATURES := target-specific order-only second-expansion else-if shortest-stem undefine oneshell archives jobserver output-sync check-symlink load
# environment
CMAKE_PREFIX_PATH = /home/tw/catkin_ws/devel:/opt/ros/noetic
# environment
LS_COLORS = 
# environment
ROS_DISTRO = noetic
# environment
SSH_AUTH_SOCK = /run/user/1000/keyring/ssh
# environment
GIO_LAUNCHED_DESKTOP_FILE_PID = 3533
# automatic
%F = $(notdir $%)
# environment
DISPLAY = :0
# environment
PWD = /home/tw/Space/workspace/my/01_research/2022_07_07_checkNetworkConnection
# default
.LOADED := 
# environment
SSH_AGENT_PID = 2216
# environment
PKG_CONFIG_PATH = /home/tw/catkin_ws/devel/lib/pkgconfig:/opt/ros/noetic/lib/pkgconfig
# environment
ORIGINAL_XDG_CURRENT_DESKTOP = ubuntu:GNOME
# environment
GTK_MODULES = gail:atk-bridge
# environment
VSCODE_AMD_ENTRYPOINT = vs/workbench/api/node/extensionHostProcess
# environment
HOME = /home/tw
# environment
LD_LIBRARY_PATH = /home/tw/catkin_ws/devel/lib:/opt/ros/noetic/lib
# environment
LESSCLOSE = /usr/bin/lesspipe %s %s
# environment
VSCODE_CODE_CACHE_PATH = /home/tw/.config/Code/CachedData/3b889b090b5ad5793f524b5d1d39fda662b96a2a
# environment
LOGNAME = tw
# environment
APPLICATION_INSIGHTS_NO_DIAGNOSTIC_CHANNEL = 1
# automatic
+F = $(notdir $+)
# environment
VSCODE_HANDLES_UNCAUGHT_ERRORS = true
# environment
GNOME_DESKTOP_SESSION_ID = this-is-deprecated
# automatic
^D = $(patsubst %/,%,$(dir $^))
# environment
LC_TIME = ko_KR.UTF-8
# environment
PLATFORMIO_PATH = /home/tw/.platformio/python3/bin:/home/tw/bin:/opt/ros/noetic/bin:/home/tw/bin:/usr/local/sbin:/usr/local/bin:/usr/sbin:/usr/bin:/sbin:/bin:/usr/games:/usr/local/games:/snap/bin
# default
MAKE = $(MAKE_COMMAND)
# default
MAKECMDGOALS := all
# environment
PATH = /home/tw/bin:/opt/ros/noetic/bin:/home/tw/bin:/usr/local/sbin:/usr/local/bin:/usr/sbin:/usr/bin:/sbin:/bin:/usr/games:/usr/local/games:/snap/bin
# environment
SHLVL = 0
# environment
GNOME_SHELL_SESSION_MODE = ubuntu
# default
MAKE_VERSION := 4.2.1
# environment
USER = tw
# environment
LC_MONETARY = ko_KR.UTF-8
# makefile
.DEFAULT_GOAL := 
# environment
XDG_CURRENT_DESKTOP = Unity
# environment
ROSLISP_PACKAGE_DIRECTORIES = /home/tw/catkin_ws/devel/share/common-lisp
# automatic
%D = $(patsubst %/,%,$(dir $%))
# environment
LC_TELEPHONE = ko_KR.UTF-8
# default
MAKE_COMMAND := make
# default
.VARIABLES := 
# automatic
*F = $(notdir $*)
# environment
LANGUAGE = ko:en
# environment
VSCODE_IPC_HOOK = /run/user/1000/vscode-3d0ca9ec-1.69.2-main.sock
# environment
PYTHONPATH = /opt/ros/noetic/lib/python3/dist-packages
# makefile
MAKEFLAGS = pqrR
# environment
MFLAGS = -pqrR
# automatic
*D = $(patsubst %/,%,$(dir $*))
# environment
ROS_VERSION = 1
# automatic
+D = $(patsubst %/,%,$(dir $+))
# environment
GDK_BACKEND = x11
# environment
LC_PAPER = ko_KR.UTF-8
# environment
QT_ACCESSIBILITY = 1
# environment
DEFAULTS_PATH = /usr/share/gconf/ubuntu.default.path
# default
MAKEFILES := 
# environment
LC_NUMERIC = ko_KR.UTF-8
# automatic
<F = $(notdir $<)
# environment
PLATFORMIO_CALLER = vscode
# environment
LC_MEASUREMENT = ko_KR.UTF-8
# environment
ROS_MASTER_URI = http://localhost:11311
# environment
LC_ALL = C
# environment
GJS_DEBUG_TOPICS = JS ERROR;JS LOG
# automatic
^F = $(notdir $^)
# default
SUFFIXES := 
# environment
CHROME_DESKTOP = code-url-handler.desktop
# environment
WINDOWPATH = 2
# default
.INCLUDE_DIRS = /usr/include /usr/local/include /usr/include
# environment
LC_IDENTIFICATION = ko_KR.UTF-8
# default
.RECIPEPREFIX := 
# environment
LC_ADDRESS = ko_KR.UTF-8
# environment
LANG = C
# environment
VSCODE_PID = 3533
# variable set hash-table stats:
# Load=121/1024=12%, Rehash=0, Collisions=20/143=14%

# Pattern-specific Variable Values

# No pattern-specific variable values.

# Directories

# . (device 66311, inode 15104124): 5 files, no impossibilities.

# 5 files, no impossibilities in 1 directories.

# Implicit Rules

# No implicit rules.

# Files

# Not a target:
all:
#  Command line target.
#  Implicit rule search has been done.
#  File does not exist.
#  File has not been updated.

 
# Not a target:
Makefile:
#  Implicit rule search has been done.
#  File does not exist.
#  File has been updated.
#  Failed to be updated.

# Not a target:
makefile:
#  Implicit rule search has been done.
#  File does not exist.
#  File has been updated.
#  Failed to be updated.

# Not a target:
.DEFAULT:
#  Implicit rule search has not been done.
#  Modification time never checked.
#  File has not been updated.

# Not a target:
GNUmakefile:
#  Implicit rule search has been done.
#  File does not exist.
#  File has been updated.
#  Failed to be updated.

# files hash-table stats:
# Load=6/1024=1%, Rehash=0, Collisions=0/15=0%
# VPATH Search Paths

# No 'vpath' search paths.

# No general ('VPATH' variable) search path.

# strcache buffers: 1 (0) / strings = 13 / storage = 112 B / avg = 8 B
# current buf: size = 8162 B / used = 112 B / count = 13 / avg = 8 B

# strcache performance: lookups = 16 / hit rate = 18%
# hash-table stats:
# Load=13/8192=0%, Rehash=0, Collisions=1/16=6%
# Finished Make data base on Mon Jul 25 13:29:01 2022

 
